<?xml version="1.0" encoding="UTF-8"?>
<testng-results skipped="0" failed="2" ignored="0" total="9" passed="7">
  <reporter-output>
  </reporter-output>
  <suite name="Suite" duration-ms="92562" started-at="2020-01-22T23:48:37 UTC" finished-at="2020-01-22T23:50:10 UTC">
    <groups>
    </groups>
    <test name="Test" duration-ms="92562" started-at="2020-01-22T23:48:37 UTC" finished-at="2020-01-22T23:50:10 UTC">
      <class name="testcases.PurchaseProductTest">
        <test-method status="PASS" signature="setup()[pri:0, instance:testcases.PurchaseProductTest@5891e32e]" name="setup" is-config="true" duration-ms="4102" started-at="2020-01-22T23:48:54 UTC" finished-at="2020-01-22T23:48:58 UTC">
          <reporter-output>
          </reporter-output>
        </test-method> <!-- setup -->
        <test-method status="PASS" signature="VerifyPurchaseProductTest(java.lang.String, java.lang.String, java.lang.String, java.lang.String, java.lang.String)[pri:1, instance:testcases.PurchaseProductTest@5891e32e]" name="VerifyPurchaseProductTest" duration-ms="2063" started-at="2020-01-22T23:48:58 UTC" data-provider="getProductData" finished-at="2020-01-22T23:49:00 UTC">
          <params>
            <param index="0">
              <value>
                <![CDATA[ruchitasingla@gmail.com]]>
              </value>
            </param>
            <param index="1">
              <value>
                <![CDATA[Pranav1007!]]>
              </value>
            </param>
            <param index="2">
              <value>
                <![CDATA[chair]]>
              </value>
            </param>
            <param index="3">
              <value>
                <![CDATA[abc]]>
              </value>
            </param>
            <param index="4">
              <value>
                <![CDATA[card]]>
              </value>
            </param>
          </params>
          <reporter-output>
          </reporter-output>
        </test-method> <!-- VerifyPurchaseProductTest -->
        <test-method status="PASS" signature="tearDown(org.testng.ITestResult)[pri:0, instance:testcases.PurchaseProductTest@5891e32e]" name="tearDown" is-config="true" duration-ms="906" started-at="2020-01-22T23:49:00 UTC" finished-at="2020-01-22T23:49:01 UTC">
          <params>
            <param index="0">
              <value>
                <![CDATA[[TestResult name=VerifyPurchaseProductTest status=SUCCESS method=PurchaseProductTest.VerifyPurchaseProductTest(java.lang.String, java.lang.String, java.lang.String, java.lang.String, java.lang.String)[pri:1, instance:testcases.PurchaseProductTest@5891e32e] output={null}]]]>
              </value>
            </param>
          </params>
          <reporter-output>
          </reporter-output>
        </test-method> <!-- tearDown -->
        <test-method status="PASS" signature="setup()[pri:0, instance:testcases.PurchaseProductTest@5891e32e]" name="setup" is-config="true" duration-ms="3906" started-at="2020-01-22T23:49:01 UTC" finished-at="2020-01-22T23:49:05 UTC">
          <reporter-output>
          </reporter-output>
        </test-method> <!-- setup -->
        <test-method status="FAIL" signature="VerifyPurchaseProductTest(java.lang.String, java.lang.String, java.lang.String, java.lang.String, java.lang.String)[pri:1, instance:testcases.PurchaseProductTest@5891e32e]" name="VerifyPurchaseProductTest" duration-ms="21286" started-at="2020-01-22T23:49:05 UTC" data-provider="getProductData" finished-at="2020-01-22T23:49:26 UTC">
          <params>
            <param index="0">
              <value>
                <![CDATA[ruchitasingla@gmail.com]]>
              </value>
            </param>
            <param index="1">
              <value>
                <![CDATA[Pranav1007!]]>
              </value>
            </param>
            <param index="2">
              <value>
                <![CDATA[table]]>
              </value>
            </param>
            <param index="3">
              <value>
                <![CDATA[Marriot furniture]]>
              </value>
            </param>
            <param index="4">
              <value>
                <![CDATA[cash]]>
              </value>
            </param>
          </params>
          <exception class="org.openqa.selenium.NoSuchElementException">
            <message>
              <![CDATA[no such element: Unable to locate element: {"method":"xpath","selector":"//b[contains(text(),'Marriot furniture')]"}
  (Session info: chrome=79.0.3945.130)
  (Driver info: chromedriver=2.38.552522 (437e6fbedfa8762dec75e2c5b3ddb86763dc9dcb),platform=Windows NT 10.0.14393 x86_64) (WARNING: The server did not provide any stacktrace information)
Command duration or timeout: 0 milliseconds
For documentation on this error, please visit: https://www.seleniumhq.org/exceptions/no_such_element.html
Build info: version: '3.141.59', revision: 'e82be7d358', time: '2018-11-14T08:17:03'
System info: host: 'azstorageexp', ip: '10.0.0.4', os.name: 'Windows Server 2016', os.arch: 'amd64', os.version: '10.0', java.version: '1.8.0_211'
Driver info: org.openqa.selenium.chrome.ChromeDriver
Capabilities {acceptInsecureCerts: false, acceptSslCerts: false, applicationCacheEnabled: false, browserConnectionEnabled: false, browserName: chrome, chrome: {chromedriverVersion: 2.38.552522 (437e6fbedfa876..., userDataDir: C:\Users\sdetlabs\AppData\L...}, cssSelectorsEnabled: true, databaseEnabled: false, handlesAlerts: true, hasTouchScreen: false, javascriptEnabled: true, locationContextEnabled: true, mobileEmulationEnabled: false, nativeEvents: true, networkConnectionEnabled: false, pageLoadStrategy: normal, platform: XP, platformName: XP, rotatable: false, setWindowRect: true, takesHeapSnapshot: true, takesScreenshot: true, unexpectedAlertBehaviour: , unhandledPromptBehavior: , version: 79.0.3945.130, webStorageEnabled: true}
Session ID: 9e90a7826161cfa3446c8e44475727d4
*** Element info: {Using=xpath, value=//b[contains(text(),'Marriot furniture')]}]]>
            </message>
            <full-stacktrace>
              <![CDATA[org.openqa.selenium.NoSuchElementException: no such element: Unable to locate element: {"method":"xpath","selector":"//b[contains(text(),'Marriot furniture')]"}
  (Session info: chrome=79.0.3945.130)
  (Driver info: chromedriver=2.38.552522 (437e6fbedfa8762dec75e2c5b3ddb86763dc9dcb),platform=Windows NT 10.0.14393 x86_64) (WARNING: The server did not provide any stacktrace information)
Command duration or timeout: 0 milliseconds
For documentation on this error, please visit: https://www.seleniumhq.org/exceptions/no_such_element.html
Build info: version: '3.141.59', revision: 'e82be7d358', time: '2018-11-14T08:17:03'
System info: host: 'azstorageexp', ip: '10.0.0.4', os.name: 'Windows Server 2016', os.arch: 'amd64', os.version: '10.0', java.version: '1.8.0_211'
Driver info: org.openqa.selenium.chrome.ChromeDriver
Capabilities {acceptInsecureCerts: false, acceptSslCerts: false, applicationCacheEnabled: false, browserConnectionEnabled: false, browserName: chrome, chrome: {chromedriverVersion: 2.38.552522 (437e6fbedfa876..., userDataDir: C:\Users\sdetlabs\AppData\L...}, cssSelectorsEnabled: true, databaseEnabled: false, handlesAlerts: true, hasTouchScreen: false, javascriptEnabled: true, locationContextEnabled: true, mobileEmulationEnabled: false, nativeEvents: true, networkConnectionEnabled: false, pageLoadStrategy: normal, platform: XP, platformName: XP, rotatable: false, setWindowRect: true, takesHeapSnapshot: true, takesScreenshot: true, unexpectedAlertBehaviour: , unhandledPromptBehavior: , version: 79.0.3945.130, webStorageEnabled: true}
Session ID: 9e90a7826161cfa3446c8e44475727d4
*** Element info: {Using=xpath, value=//b[contains(text(),'Marriot furniture')]}
at sun.reflect.NativeConstructorAccessorImpl.newInstance0(Native Method)
at sun.reflect.NativeConstructorAccessorImpl.newInstance(Unknown Source)
at sun.reflect.DelegatingConstructorAccessorImpl.newInstance(Unknown Source)
at java.lang.reflect.Constructor.newInstance(Unknown Source)
at org.openqa.selenium.remote.ErrorHandler.createThrowable(ErrorHandler.java:214)
at org.openqa.selenium.remote.ErrorHandler.throwIfResponseFailed(ErrorHandler.java:166)
at org.openqa.selenium.remote.http.JsonHttpResponseCodec.reconstructValue(JsonHttpResponseCodec.java:40)
at org.openqa.selenium.remote.http.AbstractHttpResponseCodec.decode(AbstractHttpResponseCodec.java:80)
at org.openqa.selenium.remote.http.AbstractHttpResponseCodec.decode(AbstractHttpResponseCodec.java:44)
at org.openqa.selenium.remote.HttpCommandExecutor.execute(HttpCommandExecutor.java:158)
at org.openqa.selenium.remote.service.DriverCommandExecutor.execute(DriverCommandExecutor.java:83)
at org.openqa.selenium.remote.RemoteWebDriver.execute(RemoteWebDriver.java:552)
at org.openqa.selenium.remote.RemoteWebDriver.findElement(RemoteWebDriver.java:323)
at org.openqa.selenium.remote.RemoteWebDriver.findElementByXPath(RemoteWebDriver.java:428)
at org.openqa.selenium.By$ByXPath.findElement(By.java:353)
at org.openqa.selenium.remote.RemoteWebDriver.findElement(RemoteWebDriver.java:315)
at base.BasePage.click(BasePage.java:65)
at pages.ItemSelectPage.ClickonProduct(ItemSelectPage.java:30)
at testcases.PurchaseProductTest.VerifyPurchaseProductTest(PurchaseProductTest.java:59)
at sun.reflect.NativeMethodAccessorImpl.invoke0(Native Method)
at sun.reflect.NativeMethodAccessorImpl.invoke(Unknown Source)
at sun.reflect.DelegatingMethodAccessorImpl.invoke(Unknown Source)
at java.lang.reflect.Method.invoke(Unknown Source)
at org.testng.internal.MethodInvocationHelper.invokeMethod(MethodInvocationHelper.java:134)
at org.testng.internal.TestInvoker.invokeMethod(TestInvoker.java:597)
at org.testng.internal.TestInvoker.invokeTestMethod(TestInvoker.java:173)
at org.testng.internal.MethodRunner.runInSequence(MethodRunner.java:46)
at org.testng.internal.TestInvoker$MethodInvocationAgent.invoke(TestInvoker.java:816)
at org.testng.internal.TestInvoker.invokeTestMethods(TestInvoker.java:146)
at org.testng.internal.TestMethodWorker.invokeTestMethods(TestMethodWorker.java:146)
at org.testng.internal.TestMethodWorker.run(TestMethodWorker.java:128)
at java.util.ArrayList.forEach(Unknown Source)
at org.testng.TestRunner.privateRun(TestRunner.java:766)
at org.testng.TestRunner.run(TestRunner.java:587)
at org.testng.SuiteRunner.runTest(SuiteRunner.java:384)
at org.testng.SuiteRunner.runSequentially(SuiteRunner.java:378)
at org.testng.SuiteRunner.privateRun(SuiteRunner.java:337)
at org.testng.SuiteRunner.run(SuiteRunner.java:286)
at org.testng.SuiteRunnerWorker.runSuite(SuiteRunnerWorker.java:53)
at org.testng.SuiteRunnerWorker.run(SuiteRunnerWorker.java:96)
at org.testng.TestNG.runSuitesSequentially(TestNG.java:1187)
at org.testng.TestNG.runSuitesLocally(TestNG.java:1109)
at org.testng.TestNG.runSuites(TestNG.java:1039)
at org.testng.TestNG.run(TestNG.java:1007)
at org.testng.remote.AbstractRemoteTestNG.run(AbstractRemoteTestNG.java:115)
at org.testng.remote.RemoteTestNG.initAndRun(RemoteTestNG.java:251)
at org.testng.remote.RemoteTestNG.main(RemoteTestNG.java:77)
]]>
            </full-stacktrace>
          </exception> <!-- org.openqa.selenium.NoSuchElementException -->
          <reporter-output>
          </reporter-output>
        </test-method> <!-- VerifyPurchaseProductTest -->
        <test-method status="PASS" signature="tearDown(org.testng.ITestResult)[pri:0, instance:testcases.PurchaseProductTest@5891e32e]" name="tearDown" is-config="true" duration-ms="903" started-at="2020-01-22T23:49:26 UTC" finished-at="2020-01-22T23:49:27 UTC">
          <params>
            <param index="0">
              <value>
                <![CDATA[[TestResult name=VerifyPurchaseProductTest status=FAILURE method=PurchaseProductTest.VerifyPurchaseProductTest(java.lang.String, java.lang.String, java.lang.String, java.lang.String, java.lang.String)[pri:1, instance:testcases.PurchaseProductTest@5891e32e] output={null}]]]>
              </value>
            </param>
          </params>
          <reporter-output>
          </reporter-output>
        </test-method> <!-- tearDown -->
      </class> <!-- testcases.PurchaseProductTest -->
      <class name="testcases.HomePageTest">
        <test-method status="PASS" signature="setup()[pri:0, instance:testcases.HomePageTest@7a30d1e6]" name="setup" is-config="true" duration-ms="4437" started-at="2020-01-22T23:48:37 UTC" finished-at="2020-01-22T23:48:42 UTC">
          <reporter-output>
          </reporter-output>
        </test-method> <!-- setup -->
        <test-method status="PASS" signature="validateHomePageTitleTest()[pri:1, instance:testcases.HomePageTest@7a30d1e6]" name="validateHomePageTitleTest" duration-ms="38" started-at="2020-01-22T23:48:42 UTC" finished-at="2020-01-22T23:48:42 UTC">
          <reporter-output>
          </reporter-output>
        </test-method> <!-- validateHomePageTitleTest -->
        <test-method status="PASS" signature="tearDown(org.testng.ITestResult)[pri:0, instance:testcases.HomePageTest@7a30d1e6]" name="tearDown" is-config="true" duration-ms="1314" started-at="2020-01-22T23:48:42 UTC" finished-at="2020-01-22T23:48:43 UTC">
          <params>
            <param index="0">
              <value>
                <![CDATA[[TestResult name=validateHomePageTitleTest status=SUCCESS method=HomePageTest.validateHomePageTitleTest()[pri:1, instance:testcases.HomePageTest@7a30d1e6] output={null}]]]>
              </value>
            </param>
          </params>
          <reporter-output>
          </reporter-output>
        </test-method> <!-- tearDown -->
        <test-method status="PASS" signature="setup()[pri:0, instance:testcases.HomePageTest@7a30d1e6]" name="setup" is-config="true" duration-ms="3965" started-at="2020-01-22T23:48:43 UTC" finished-at="2020-01-22T23:48:47 UTC">
          <reporter-output>
          </reporter-output>
        </test-method> <!-- setup -->
        <test-method status="PASS" signature="ValidateLogoImageTest()[pri:2, instance:testcases.HomePageTest@7a30d1e6]" name="ValidateLogoImageTest" duration-ms="35" started-at="2020-01-22T23:48:47 UTC" finished-at="2020-01-22T23:48:47 UTC">
          <reporter-output>
          </reporter-output>
        </test-method> <!-- ValidateLogoImageTest -->
        <test-method status="PASS" signature="tearDown(org.testng.ITestResult)[pri:0, instance:testcases.HomePageTest@7a30d1e6]" name="tearDown" is-config="true" duration-ms="1273" started-at="2020-01-22T23:48:47 UTC" finished-at="2020-01-22T23:48:48 UTC">
          <params>
            <param index="0">
              <value>
                <![CDATA[[TestResult name=ValidateLogoImageTest status=SUCCESS method=HomePageTest.ValidateLogoImageTest()[pri:2, instance:testcases.HomePageTest@7a30d1e6] output={null}]]]>
              </value>
            </param>
          </params>
          <reporter-output>
          </reporter-output>
        </test-method> <!-- tearDown -->
        <test-method status="PASS" signature="setup()[pri:0, instance:testcases.HomePageTest@7a30d1e6]" name="setup" is-config="true" duration-ms="4010" started-at="2020-01-22T23:48:48 UTC" finished-at="2020-01-22T23:48:52 UTC">
          <reporter-output>
          </reporter-output>
        </test-method> <!-- setup -->
        <test-method status="PASS" signature="verifyclickSignInTest()[pri:3, instance:testcases.HomePageTest@7a30d1e6]" name="verifyclickSignInTest" duration-ms="200" started-at="2020-01-22T23:48:52 UTC" finished-at="2020-01-22T23:48:53 UTC">
          <reporter-output>
          </reporter-output>
        </test-method> <!-- verifyclickSignInTest -->
        <test-method status="PASS" signature="tearDown(org.testng.ITestResult)[pri:0, instance:testcases.HomePageTest@7a30d1e6]" name="tearDown" is-config="true" duration-ms="963" started-at="2020-01-22T23:48:53 UTC" finished-at="2020-01-22T23:48:54 UTC">
          <params>
            <param index="0">
              <value>
                <![CDATA[[TestResult name=verifyclickSignInTest status=SUCCESS method=HomePageTest.verifyclickSignInTest()[pri:3, instance:testcases.HomePageTest@7a30d1e6] output={null}]]]>
              </value>
            </param>
          </params>
          <reporter-output>
          </reporter-output>
        </test-method> <!-- tearDown -->
      </class> <!-- testcases.HomePageTest -->
      <class name="testcases.LoginPageTest">
        <test-method status="PASS" signature="setup()[pri:0, instance:testcases.LoginPageTest@cb0ed20]" name="setup" is-config="true" duration-ms="3973" started-at="2020-01-22T23:49:27 UTC" finished-at="2020-01-22T23:49:31 UTC">
          <reporter-output>
          </reporter-output>
        </test-method> <!-- setup -->
        <test-method status="PASS" signature="getSignInPagetext()[pri:1, instance:testcases.LoginPageTest@cb0ed20]" name="getSignInPagetext" duration-ms="188" started-at="2020-01-22T23:49:31 UTC" finished-at="2020-01-22T23:49:31 UTC">
          <reporter-output>
          </reporter-output>
        </test-method> <!-- getSignInPagetext -->
        <test-method status="PASS" signature="tearDown(org.testng.ITestResult)[pri:0, instance:testcases.LoginPageTest@cb0ed20]" name="tearDown" is-config="true" duration-ms="940" started-at="2020-01-22T23:49:31 UTC" finished-at="2020-01-22T23:49:32 UTC">
          <params>
            <param index="0">
              <value>
                <![CDATA[[TestResult name=getSignInPagetext status=SUCCESS method=LoginPageTest.getSignInPagetext()[pri:1, instance:testcases.LoginPageTest@cb0ed20] output={null}]]]>
              </value>
            </param>
          </params>
          <reporter-output>
          </reporter-output>
        </test-method> <!-- tearDown -->
        <test-method status="PASS" signature="setup()[pri:0, instance:testcases.LoginPageTest@cb0ed20]" name="setup" is-config="true" duration-ms="3823" started-at="2020-01-22T23:49:32 UTC" finished-at="2020-01-22T23:49:36 UTC">
          <reporter-output>
          </reporter-output>
        </test-method> <!-- setup -->
        <test-method status="PASS" signature="logIntoAccount(java.lang.String, java.lang.String)[pri:2, instance:testcases.LoginPageTest@cb0ed20]" name="logIntoAccount" duration-ms="769" started-at="2020-01-22T23:49:36 UTC" data-provider="getLoginData" finished-at="2020-01-22T23:49:37 UTC">
          <params>
            <param index="0">
              <value>
                <![CDATA[useroe@mail.com]]>
              </value>
            </param>
            <param index="1">
              <value>
                <![CDATA[Test1234@]]>
              </value>
            </param>
          </params>
          <reporter-output>
          </reporter-output>
        </test-method> <!-- logIntoAccount -->
        <test-method status="PASS" signature="tearDown(org.testng.ITestResult)[pri:0, instance:testcases.LoginPageTest@cb0ed20]" name="tearDown" is-config="true" duration-ms="1323" started-at="2020-01-22T23:49:37 UTC" finished-at="2020-01-22T23:49:38 UTC">
          <params>
            <param index="0">
              <value>
                <![CDATA[[TestResult name=logIntoAccount status=SUCCESS method=LoginPageTest.logIntoAccount(java.lang.String, java.lang.String)[pri:2, instance:testcases.LoginPageTest@cb0ed20] output={null}]]]>
              </value>
            </param>
          </params>
          <reporter-output>
          </reporter-output>
        </test-method> <!-- tearDown -->
        <test-method status="PASS" signature="setup()[pri:0, instance:testcases.LoginPageTest@cb0ed20]" name="setup" is-config="true" duration-ms="3866" started-at="2020-01-22T23:49:38 UTC" finished-at="2020-01-22T23:49:42 UTC">
          <reporter-output>
          </reporter-output>
        </test-method> <!-- setup -->
        <test-method status="PASS" signature="logIntoAccount(java.lang.String, java.lang.String)[pri:2, instance:testcases.LoginPageTest@cb0ed20]" name="logIntoAccount" duration-ms="891" started-at="2020-01-22T23:49:42 UTC" data-provider="getLoginData" finished-at="2020-01-22T23:49:43 UTC">
          <params>
            <param index="0">
              <value>
                <![CDATA[ruchitasingla@gmail.com]]>
              </value>
            </param>
            <param index="1">
              <value>
                <![CDATA[Pranav1007!]]>
              </value>
            </param>
          </params>
          <reporter-output>
          </reporter-output>
        </test-method> <!-- logIntoAccount -->
        <test-method status="PASS" signature="tearDown(org.testng.ITestResult)[pri:0, instance:testcases.LoginPageTest@cb0ed20]" name="tearDown" is-config="true" duration-ms="1330" started-at="2020-01-22T23:49:43 UTC" finished-at="2020-01-22T23:49:44 UTC">
          <params>
            <param index="0">
              <value>
                <![CDATA[[TestResult name=logIntoAccount status=SUCCESS method=LoginPageTest.logIntoAccount(java.lang.String, java.lang.String)[pri:2, instance:testcases.LoginPageTest@cb0ed20] output={null}]]]>
              </value>
            </param>
          </params>
          <reporter-output>
          </reporter-output>
        </test-method> <!-- tearDown -->
      </class> <!-- testcases.LoginPageTest -->
      <class name="testcases.AccountPageTest">
        <test-method status="PASS" signature="setup()[pri:0, instance:testcases.AccountPageTest@8e24743]" name="setup" is-config="true" duration-ms="3859" started-at="2020-01-22T23:49:44 UTC" finished-at="2020-01-22T23:49:48 UTC">
          <reporter-output>
          </reporter-output>
        </test-method> <!-- setup -->
        <test-method status="FAIL" signature="createAccountTest(java.lang.String, java.lang.String, java.lang.String, java.lang.String)[pri:1, instance:testcases.AccountPageTest@8e24743]" name="createAccountTest" duration-ms="20962" started-at="2020-01-22T23:49:48 UTC" data-provider="getAccountData" finished-at="2020-01-22T23:50:09 UTC">
          <params>
            <param index="0">
              <value>
                <![CDATA[userone userone]]>
              </value>
            </param>
            <param index="1">
              <value>
                <![CDATA[2134567897']]>
              </value>
            </param>
            <param index="2">
              <value>
                <![CDATA[userotester@mail.com]]>
              </value>
            </param>
            <param index="3">
              <value>
                <![CDATA[Test1234@]]>
              </value>
            </param>
          </params>
          <exception class="org.openqa.selenium.NoSuchElementException">
            <message>
              <![CDATA[no such element: Unable to locate element: {"method":"xpath","selector":"//div[@id='toast-container']"}
  (Session info: chrome=79.0.3945.130)
  (Driver info: chromedriver=2.38.552522 (437e6fbedfa8762dec75e2c5b3ddb86763dc9dcb),platform=Windows NT 10.0.14393 x86_64) (WARNING: The server did not provide any stacktrace information)
Command duration or timeout: 0 milliseconds
For documentation on this error, please visit: https://www.seleniumhq.org/exceptions/no_such_element.html
Build info: version: '3.141.59', revision: 'e82be7d358', time: '2018-11-14T08:17:03'
System info: host: 'azstorageexp', ip: '10.0.0.4', os.name: 'Windows Server 2016', os.arch: 'amd64', os.version: '10.0', java.version: '1.8.0_211'
Driver info: org.openqa.selenium.chrome.ChromeDriver
Capabilities {acceptInsecureCerts: false, acceptSslCerts: false, applicationCacheEnabled: false, browserConnectionEnabled: false, browserName: chrome, chrome: {chromedriverVersion: 2.38.552522 (437e6fbedfa876..., userDataDir: C:\Users\sdetlabs\AppData\L...}, cssSelectorsEnabled: true, databaseEnabled: false, handlesAlerts: true, hasTouchScreen: false, javascriptEnabled: true, locationContextEnabled: true, mobileEmulationEnabled: false, nativeEvents: true, networkConnectionEnabled: false, pageLoadStrategy: normal, platform: XP, platformName: XP, rotatable: false, setWindowRect: true, takesHeapSnapshot: true, takesScreenshot: true, unexpectedAlertBehaviour: , unhandledPromptBehavior: , version: 79.0.3945.130, webStorageEnabled: true}
Session ID: 5614a47922a8f087c29ab5ed19c7a367
*** Element info: {Using=xpath, value=//div[@id='toast-container']}]]>
            </message>
            <full-stacktrace>
              <![CDATA[org.openqa.selenium.NoSuchElementException: no such element: Unable to locate element: {"method":"xpath","selector":"//div[@id='toast-container']"}
  (Session info: chrome=79.0.3945.130)
  (Driver info: chromedriver=2.38.552522 (437e6fbedfa8762dec75e2c5b3ddb86763dc9dcb),platform=Windows NT 10.0.14393 x86_64) (WARNING: The server did not provide any stacktrace information)
Command duration or timeout: 0 milliseconds
For documentation on this error, please visit: https://www.seleniumhq.org/exceptions/no_such_element.html
Build info: version: '3.141.59', revision: 'e82be7d358', time: '2018-11-14T08:17:03'
System info: host: 'azstorageexp', ip: '10.0.0.4', os.name: 'Windows Server 2016', os.arch: 'amd64', os.version: '10.0', java.version: '1.8.0_211'
Driver info: org.openqa.selenium.chrome.ChromeDriver
Capabilities {acceptInsecureCerts: false, acceptSslCerts: false, applicationCacheEnabled: false, browserConnectionEnabled: false, browserName: chrome, chrome: {chromedriverVersion: 2.38.552522 (437e6fbedfa876..., userDataDir: C:\Users\sdetlabs\AppData\L...}, cssSelectorsEnabled: true, databaseEnabled: false, handlesAlerts: true, hasTouchScreen: false, javascriptEnabled: true, locationContextEnabled: true, mobileEmulationEnabled: false, nativeEvents: true, networkConnectionEnabled: false, pageLoadStrategy: normal, platform: XP, platformName: XP, rotatable: false, setWindowRect: true, takesHeapSnapshot: true, takesScreenshot: true, unexpectedAlertBehaviour: , unhandledPromptBehavior: , version: 79.0.3945.130, webStorageEnabled: true}
Session ID: 5614a47922a8f087c29ab5ed19c7a367
*** Element info: {Using=xpath, value=//div[@id='toast-container']}
at sun.reflect.NativeConstructorAccessorImpl.newInstance0(Native Method)
at sun.reflect.NativeConstructorAccessorImpl.newInstance(Unknown Source)
at sun.reflect.DelegatingConstructorAccessorImpl.newInstance(Unknown Source)
at java.lang.reflect.Constructor.newInstance(Unknown Source)
at org.openqa.selenium.remote.ErrorHandler.createThrowable(ErrorHandler.java:214)
at org.openqa.selenium.remote.ErrorHandler.throwIfResponseFailed(ErrorHandler.java:166)
at org.openqa.selenium.remote.http.JsonHttpResponseCodec.reconstructValue(JsonHttpResponseCodec.java:40)
at org.openqa.selenium.remote.http.AbstractHttpResponseCodec.decode(AbstractHttpResponseCodec.java:80)
at org.openqa.selenium.remote.http.AbstractHttpResponseCodec.decode(AbstractHttpResponseCodec.java:44)
at org.openqa.selenium.remote.HttpCommandExecutor.execute(HttpCommandExecutor.java:158)
at org.openqa.selenium.remote.service.DriverCommandExecutor.execute(DriverCommandExecutor.java:83)
at org.openqa.selenium.remote.RemoteWebDriver.execute(RemoteWebDriver.java:552)
at org.openqa.selenium.remote.RemoteWebDriver.findElement(RemoteWebDriver.java:323)
at org.openqa.selenium.remote.RemoteWebDriver.findElementByXPath(RemoteWebDriver.java:428)
at org.openqa.selenium.By$ByXPath.findElement(By.java:353)
at org.openqa.selenium.remote.RemoteWebDriver.findElement(RemoteWebDriver.java:315)
at org.openqa.selenium.support.pagefactory.DefaultElementLocator.findElement(DefaultElementLocator.java:69)
at org.openqa.selenium.support.pagefactory.internal.LocatingElementHandler.invoke(LocatingElementHandler.java:38)
at com.sun.proxy.$Proxy10.isDisplayed(Unknown Source)
at pages.AccountPage.accountSuccessful(AccountPage.java:44)
at testcases.AccountPageTest.createAccountTest(AccountPageTest.java:52)
at sun.reflect.NativeMethodAccessorImpl.invoke0(Native Method)
at sun.reflect.NativeMethodAccessorImpl.invoke(Unknown Source)
at sun.reflect.DelegatingMethodAccessorImpl.invoke(Unknown Source)
at java.lang.reflect.Method.invoke(Unknown Source)
at org.testng.internal.MethodInvocationHelper.invokeMethod(MethodInvocationHelper.java:134)
at org.testng.internal.TestInvoker.invokeMethod(TestInvoker.java:597)
at org.testng.internal.TestInvoker.invokeTestMethod(TestInvoker.java:173)
at org.testng.internal.MethodRunner.runInSequence(MethodRunner.java:46)
at org.testng.internal.TestInvoker$MethodInvocationAgent.invoke(TestInvoker.java:816)
at org.testng.internal.TestInvoker.invokeTestMethods(TestInvoker.java:146)
at org.testng.internal.TestMethodWorker.invokeTestMethods(TestMethodWorker.java:146)
at org.testng.internal.TestMethodWorker.run(TestMethodWorker.java:128)
at java.util.ArrayList.forEach(Unknown Source)
at org.testng.TestRunner.privateRun(TestRunner.java:766)
at org.testng.TestRunner.run(TestRunner.java:587)
at org.testng.SuiteRunner.runTest(SuiteRunner.java:384)
at org.testng.SuiteRunner.runSequentially(SuiteRunner.java:378)
at org.testng.SuiteRunner.privateRun(SuiteRunner.java:337)
at org.testng.SuiteRunner.run(SuiteRunner.java:286)
at org.testng.SuiteRunnerWorker.runSuite(SuiteRunnerWorker.java:53)
at org.testng.SuiteRunnerWorker.run(SuiteRunnerWorker.java:96)
at org.testng.TestNG.runSuitesSequentially(TestNG.java:1187)
at org.testng.TestNG.runSuitesLocally(TestNG.java:1109)
at org.testng.TestNG.runSuites(TestNG.java:1039)
at org.testng.TestNG.run(TestNG.java:1007)
at org.testng.remote.AbstractRemoteTestNG.run(AbstractRemoteTestNG.java:115)
at org.testng.remote.RemoteTestNG.initAndRun(RemoteTestNG.java:251)
at org.testng.remote.RemoteTestNG.main(RemoteTestNG.java:77)
]]>
            </full-stacktrace>
          </exception> <!-- org.openqa.selenium.NoSuchElementException -->
          <reporter-output>
          </reporter-output>
        </test-method> <!-- createAccountTest -->
        <test-method status="PASS" signature="tearDown(org.testng.ITestResult)[pri:0, instance:testcases.AccountPageTest@8e24743]" name="tearDown" is-config="true" duration-ms="957" started-at="2020-01-22T23:50:09 UTC" finished-at="2020-01-22T23:50:10 UTC">
          <params>
            <param index="0">
              <value>
                <![CDATA[[TestResult name=createAccountTest status=FAILURE method=AccountPageTest.createAccountTest(java.lang.String, java.lang.String, java.lang.String, java.lang.String)[pri:1, instance:testcases.AccountPageTest@8e24743] output={null}]]]>
              </value>
            </param>
          </params>
          <reporter-output>
          </reporter-output>
        </test-method> <!-- tearDown -->
      </class> <!-- testcases.AccountPageTest -->
    </test> <!-- Test -->
  </suite> <!-- Suite -->
</testng-results>
